

*******************************************************************************
Mon Dec 28 10:25:34 2020


FIT:    data read from 'alignment.dat' u 2:3
        format = x:z
        #datapoints = 5
        residuals are weighted equally (unit weight)

function used for fitting: f(x)
	f(x) = a*x^2 + b*x + c
fitted parameters initialized with current variable values



*******************************************************************************
Mon Dec 28 10:25:48 2020


FIT:    data read from 'alignment.dat' u 2:3
        format = x:z
        #datapoints = 5
        residuals are weighted equally (unit weight)

function used for fitting: f(x)
	f(x) = a*x**2 + b*x + c
fitted parameters initialized with current variable values

iter      chisq       delta/lim  lambda   a             b             c            
   0 4.1263944375e+07   0.00e+00  1.64e+03    1.000000e+00   1.000000e+00   1.000000e+00
   7 5.8348738460e-03  -9.93e-02  1.64e-04   -1.105885e-04  -2.740962e-03   1.927489e+01

After 7 iterations the fit converged.
final sum of squares of residuals : 0.00583487
rel. change during last iteration : -9.93087e-07

degrees of freedom    (FIT_NDF)                        : 2
rms of residuals      (FIT_STDFIT) = sqrt(WSSR/ndf)    : 0.0540133
variance of residuals (reduced chisquare) = WSSR/ndf   : 0.00291744

Final set of parameters            Asymptotic Standard Error
=======================            ==========================
a               = -0.000110588     +/- 4.403e-05    (39.81%)
b               = -0.00274096      +/- 0.003357     (122.5%)
c               = 19.2749          +/- 0.05084      (0.2638%)

correlation matrix of the fit parameters:
                a      b      c      
a               1.000 
b              -0.961  1.000 
c               0.573 -0.735  1.000 
